<?xml version="1.0" encoding="UTF-8"?>
<!-- Generated by org.testng.reporters.JUnitReportReporter -->
<testsuite hostname="DESKTOP-C7332C5" failures="0" tests="1" name="Test.Day2" time="0.006" errors="0" timestamp="2023-06-14T12:58:29 IST" skipped="0">
  <testcase classname="Test.Day2" name="ploan" time="0.006"/>
</testsuite> <!-- Test.Day2 -->
