<?xml version="1.0" encoding="UTF-8"?>
<!-- Generated by org.testng.reporters.JUnitReportReporter -->
<testsuite hostname="DESKTOP-C7332C5" failures="0" tests="3" name="Test.Day4" time="0.023" errors="0" timestamp="2023-06-14T12:58:29 IST" skipped="0">
  <testcase classname="Test.Day4" name="WebloginHomeLoan" time="0.008"/>
  <testcase classname="Test.Day4" name="LoginAPIHomeLoan" time="0.011"/>
  <testcase classname="Test.Day4" name="MobileloginHomeLoan" time="0.004"/>
</testsuite> <!-- Test.Day4 -->
