<?xml version="1.0" encoding="UTF-8"?>
<!-- Generated by org.testng.reporters.JUnitReportReporter -->
<testsuite hostname="DESKTOP-C7332C5" failures="0" tests="6" name="Test.Day3" time="0.130" errors="0" timestamp="2023-06-14T12:58:29 IST" skipped="1">
  <testcase classname="Test.Day3" name="WebloginCarLoan" time="0.029"/>
  <testcase classname="Test.Day3" name="MobilesignoutCarLoan" time="0.016"/>
  <testcase classname="Test.Day3" name="MobileloginCarLoan" time="0.054"/>
  <testcase classname="Test.Day3" name="MobilesignoutCarLoan" time="0.010"/>
  <testcase classname="Test.Day3" name="MobilesignoutCarLoan" time="0.021"/>
  <testcase classname="Test.Day3" name="MobilesigninCarLoan">
    <skipped/>
  </testcase> <!-- MobilesigninCarLoan -->
</testsuite> <!-- Test.Day3 -->
